proguard/mapping.txt
com.littlegreatapps.neodroid.ActivityMain -> com.littlegreatapps.neodroid.ActivityMain:
    com.littlegreatapps.neodroid.UtilityLibrary libs -> g
    com.littlegreatapps.neodroid.Prefs mNeoPrefs -> h
    void onCreate(android.os.Bundle) -> onCreate
    void onResume() -> onResume
    void runEmulator(fr.mydedibox.emufrontend.FileInfo) -> a
com.littlegreatapps.neodroid.ActivityMain$1 -> com.littlegreatapps.neodroid.a:
    com.littlegreatapps.neodroid.ActivityMain this$0 -> a
    fr.mydedibox.utility.UtilityExtractRaw val$raw -> b
    void run() -> run
com.littlegreatapps.neodroid.Compatibility -> com.littlegreatapps.neodroid.b:
    java.util.ArrayList list -> a
com.littlegreatapps.neodroid.Prefs -> com.littlegreatapps.neodroid.c:
    java.lang.String ROM_PATH -> a
    java.lang.String DATA_PATH -> b
    android.content.Context mCtx -> c
    android.content.SharedPreferences mPrefs -> d
    android.content.SharedPreferences$Editor mEditor -> e
    java.lang.String getDataFilePath() -> a
    boolean useAsm() -> b
    java.lang.String getCountry() -> c
    java.lang.String getSystem() -> d
    boolean getSound() -> e
    java.lang.String getSamplerate() -> f
    boolean getInterpolation() -> g
    boolean getRaster() -> h
    boolean getShowfps() -> i
    boolean getSleepidle() -> j
    boolean getAutoframeskip() -> k
    boolean getForcepc() -> l
    java.lang.String getZ80Clock() -> m
    java.lang.String get68kClock() -> n
com.littlegreatapps.neodroid.UtilityLibrary -> com.littlegreatapps.neodroid.d:
    android.content.pm.ApplicationInfo mApplication -> a
    java.lang.String mLibSDLPath -> b
    java.lang.String mLibMainASMPath -> c
    java.lang.String mLibMainPath -> d
    boolean isAvailable -> e
    java.lang.String getLibMainASMPath() -> a
    java.lang.String getLibMainPath() -> b
    java.lang.String getLibSDLPath() -> c
...
fr.mydedibox.emufrontend.ActivityPreferences -> fr.mydedibox.emufrontend.ActivityPreferences:
    fr.mydedibox.utility.UtilityMessage mMessage -> a
    fr.mydedibox.utility.UtilityFrontendPreferences mPreferences -> b
    android.app.AlertDialog mInputDialog -> c
    int mButtonNow -> d
    boolean mButtonsEdit -> e
    void onCreate(android.os.Bundle) -> onCreate
    void onResume() -> onResume
    void onPause() -> onPause
    void onConfigurationChanged(android.content.res.Configuration) -> onConfigurationChanged
    void onSharedPreferenceChanged(android.content.SharedPreferences,java.lang.String) -> onSharedPreferenceChanged
    boolean onPreferenceClick(android.preference.Preference) -> onPreferenceClick
    boolean onKey(android.content.DialogInterface,int,android.view.KeyEvent) -> onKey
    fr.mydedibox.utility.UtilityFrontendPreferences access$0(fr.mydedibox.emufrontend.ActivityPreferences) -> a
    fr.mydedibox.utility.UtilityMessage access$1(fr.mydedibox.emufrontend.ActivityPreferences) -> b
    int access$2(fr.mydedibox.emufrontend.ActivityPreferences) -> c
    void access$3(fr.mydedibox.emufrontend.ActivityPreferences,int) -> a
    android.app.AlertDialog access$4(fr.mydedibox.emufrontend.ActivityPreferences) -> d
    void access$5$3603fd30(fr.mydedibox.emufrontend.ActivityPreferences) -> e
fr.mydedibox.emufrontend.ActivityPreferences$1 -> fr.mydedibox.emufrontend.a:
    fr.mydedibox.emufrontend.ActivityPreferences this$0 -> a
    fr.mydedibox.utility.UtilityExtractRaw val$raw -> b
    void run() -> run
fr.mydedibox.emufrontend.ActivityPreferences$2 -> fr.mydedibox.emufrontend.b:
    fr.mydedibox.emufrontend.ActivityPreferences this$0 -> a
    boolean onKey(android.content.DialogInterface,int,android.view.KeyEvent) -> onKey
fr.mydedibox.emufrontend.ActivitySoftwareInputViewEdit -> fr.mydedibox.emufrontend.ActivitySoftwareInputViewEdit:
    fr.mydedibox.utility.UtilityFrontendPreferences mPreferences -> a
    fr.mydedibox.emufrontend.input.SoftwareInputViewPreferences mInputViewPreferences -> b
    fr.mydedibox.utility.UtilityMessage mMessage -> c
    fr.mydedibox.emufrontend.input.SoftwareInputView mInputView -> d
    void onCreate(android.os.Bundle) -> onCreate
    boolean onKeyDown(int,android.view.KeyEvent) -> onKeyDown
    void onResume() -> onResume
    void onDestroy() -> onDestroy
fr.mydedibox.emufrontend.CompatibilityList -> fr.mydedibox.emufrontend.c:
    java.lang.String name -> a
    java.lang.String parent -> b
    java.lang.String filename -> c
    java.lang.String year -> d
    int status -> e
    int buttons -> f
    java.lang.String url -> g
    java.util.ArrayList list -> h
    fr.mydedibox.emufrontend.CompatibilityList getRom(java.lang.String) -> a